{
  "stats": {
    "suites": 1,
    "tests": 1,
    "passes": 0,
    "pending": 0,
    "failures": 1,
    "start": "2025-01-03T03:55:55.070Z",
    "end": "2025-01-03T03:55:56.320Z",
    "duration": 1250,
    "testsRegistered": 1,
    "passPercent": 0,
    "pendingPercent": 0,
    "other": 0,
    "hasOther": false,
    "skipped": 0,
    "hasSkipped": false
  },
  "results": [
    {
      "uuid": "c4bb0fb9-f98c-415e-8a1e-189b63edb950",
      "title": "",
      "fullFile": "cypress\\e2e\\rediff.cy.js",
      "file": "cypress\\e2e\\rediff.cy.js",
      "beforeHooks": [],
      "afterHooks": [],
      "tests": [],
      "suites": [
        {
          "uuid": "83ea7ce8-1800-4ac6-9484-525fbe9ccff9",
          "title": "Verify Login Functrionality",
          "fullFile": "",
          "file": "",
          "beforeHooks": [],
          "afterHooks": [],
          "tests": [
            {
              "title": "positive Login Test ",
              "fullTitle": "Verify Login Functrionality positive Login Test ",
              "timedOut": null,
              "duration": 523,
              "state": "failed",
              "speed": null,
              "pass": false,
              "fail": true,
              "pending": false,
              "context": "{\n  \"title\": \"cypress-mochawesome-reporter-screenshots\",\n  \"value\": [\n    [\n      \"\\\\rediff.cy.js\\\\Verify Login Functrionality -- positive Login Test (failed).png\"\n    ],\n    [\n      \"\\\\rediff.cy.js\\\\Verify Login Functrionality -- positive Login Test (failed) (attempt 2).png\"\n    ]\n  ]\n}",
              "code": "cy.visit(\"https://register.rediff.com/register/register.php?FormName=user_details\");\ncy.get('[name^=\"name\"]').type(\"Anilr\");\ncy.get('[name^=\"login\"]').type(\"anilr\");\ncy.get('[class=\"btn_checkavail\"]').click();\n//to Hadle error Msg\n//cy.contains('Sorry, the ID that you are looking for is taken.').should('exist')\n//to Handle try new id\n//cy.get('[class=\"f12\"]').should('contains.text','Type a new ID or choose from the suggested IDs')\n//To Handle Check Availability\ncy.get('[class=\"btn_checkavail\"]').click();\ncy.wait(4000);\n//To Get The newPassword Locator And Type the newPassword\ncy.get('[id=\"newpasswd\"]').type(\"anilkumar@\");\n//To Get The RetypePassword Locator And Type the RetypePassword\ncy.get('[id=\"newpasswd1\"]').type(\"anilkumar@\");\n// To Handle The The Email Locator and type the email id\ncy.get('[name^=\"altemail\"]').type(\"anilr@123\");\ncy.get('[name^=\"chk_altemail\"]').check();\n//To Handle The mobile num Locator and Type mobile num\ncy.get('[id=\"mobno\"]').type(\"6302456528\");\n//To Handle The mobile num Locator and Type mobile num\n//cy.get('[id=\"country_id\"]').select(1).should(\"have.value\",\"+91\")\ncy.get('[id=\"lbl_txt\"]').click();\n// cy.get('[value=\"f\"]').check();\n// yields <option value=\"456\">apples</option>\n// cy.get('[name*=\"DOB_Day\"]').select('01').should(\"have.value\", \"01\");\n// cy.get('select').select('22')\n// cy.get('[name*=\"DOB_Month\"]').select(1).should(\"have.value\",'01');\n// cy.get('[name^=\"DOB_Year\"]').select(1).should(\"have.value\",'02')\n//cy.get('[value=\"f\"]').check()\n// cy.get('[id=\"country\"]').select('99').should(\"have.value\",'99')\ncy.get('[name*=\"DOB_Day\"]').select('22').cy.get('[name*=\"DOB_Month\"]').select('09').should(\"have.value\", '09');",
              "err": {
                "message": "TypeError: Cannot read properties of undefined (reading 'get')",
                "estack": "TypeError: Cannot read properties of undefined (reading 'get')\n    at Context.eval (webpack://prj1/./cypress/e2e/rediff.cy.js:38:6)",
                "diff": null
              },
              "uuid": "40f73ad7-4b01-4bd3-8575-78d50b9b8c17",
              "parentUUID": "83ea7ce8-1800-4ac6-9484-525fbe9ccff9",
              "isHook": false,
              "skipped": false
            }
          ],
          "suites": [],
          "passes": [],
          "failures": [
            "40f73ad7-4b01-4bd3-8575-78d50b9b8c17"
          ],
          "pending": [],
          "skipped": [],
          "duration": 523,
          "root": false,
          "rootEmpty": false,
          "_timeout": 2000
        }
      ],
      "passes": [],
      "failures": [],
      "pending": [],
      "skipped": [],
      "duration": 0,
      "root": true,
      "rootEmpty": true,
      "_timeout": 2000
    }
  ],
  "meta": {
    "mocha": {
      "version": "7.0.1"
    },
    "mochawesome": {
      "options": {
        "quiet": false,
        "reportFilename": "mochawesome",
        "saveHtml": false,
        "saveJson": true,
        "consoleReporter": "spec",
        "useInlineDiffs": false,
        "code": true
      },
      "version": "7.1.3"
    },
    "marge": {
      "options": {
        "overwrite": false,
        "html": false,
        "json": true,
        "reportDir": "cypress\\reports\\html\\.jsons"
      },
      "version": "6.2.0"
    }
  }
}